<?xml version="1.0" encoding="UTF-8"?>
<!-- Generated by org.testng.reporters.JUnitReportReporter -->
<testsuite hostname="DESKTOP-OGV2IEJ" failures="0" tests="1" name="testng.NewTest" time="16.424" errors="0" timestamp="2023-04-17T11:07:40 GST" skipped="0">
  <testcase classname="testng.NewTest" name="f" time="16.424"/>
  <system-out/>
</testsuite> <!-- testng.NewTest -->
